<?xml version="1.0" encoding="UTF-8"?>
<!-- Generated by org.testng.reporters.JUnitXMLReporter -->
<testsuite ignored="0" hostname="DESKTOP-QVM6J4J" failures="1" tests="2" name="Test" time="34.378" errors="0" timestamp="2022-10-06T08:46:16 IST">
  <testcase classname="com.Test.Test_1" name="verify_test1" time="17.904">
    <failure type="java.lang.AssertionError" message="expected [FaceBook] but found [Log in to Facebook]">
      <![CDATA[java.lang.AssertionError: expected [FaceBook] but found [Log in to Facebook]
at com.Test.Test_1.verify_test1(Test_1.java:28)
at java.base/java.util.ArrayList.forEach(ArrayList.java:1540)
... Removed 33 stack frames]]>
    </failure>
  </testcase> <!-- verify_test1 -->
  <testcase classname="com.Test.Test_2" name="test2" time="0.01"/>
</testsuite> <!-- Test -->
