<?xml version="1.0" encoding="UTF-8"?>
<!-- Generated by org.testng.reporters.JUnitXMLReporter -->
<testsuite ignored="2" hostname="DESKTOP-QVM6J4J" failures="1" tests="3" name="Test_chrome" time="13.814" errors="0" timestamp="2022-10-07T08:55:00 IST">
  <testcase classname="com.Test.Test_1" name="verify_test1" time="1.613">
    <failure type="java.lang.AssertionError" message="expected [FaceBook] but found [Log in to Facebook]">
      <![CDATA[java.lang.AssertionError: expected [FaceBook] but found [Log in to Facebook]
at com.Test.Test_1.verify_test1(Test_1.java:34)
at java.base/java.util.ArrayList.forEach(ArrayList.java:1540)
... Removed 33 stack frames]]>
    </failure>
  </testcase> <!-- verify_test1 -->
  <testcase classname="com.Test.Test_2" name="test2" time="0.002"/>
  <testcase classname="com.Test.Test_3" name="test3" time="0.016"/>
  <testcase classname="com.Utility.BaseClass" name="@BeforeSuite BS_initialization" time="0.0">
    <ignored/>
  </testcase> <!-- @BeforeSuite BS_initialization -->
  <testcase classname="com.Utility.BaseClass" name="@BeforeSuite BS_initialization" time="0.0">
    <ignored/>
  </testcase> <!-- @BeforeSuite BS_initialization -->
</testsuite> <!-- Test_chrome -->
