<?xml version="1.0" encoding="UTF-8"?>
<testng-results ignored="2" total="5" passed="2" failed="1" skipped="0">
  <reporter-output>
  </reporter-output>
  <suite started-at="2022-10-07T08:54:47 IST" name="Suite" finished-at="2022-10-07T08:55:00 IST" duration-ms="13814">
    <groups>
    </groups>
    <test started-at="2022-10-07T08:54:47 IST" name="Test_chrome" finished-at="2022-10-07T08:55:00 IST" duration-ms="13814">
      <class name="com.Test.Test_3">
        <test-method is-config="true" signature="BrowserOpen(java.lang.String)[pri:0, instance:com.Test.Test_3@32c4e8b2]" started-at="2022-10-07T08:54:57 IST" name="BrowserOpen" finished-at="2022-10-07T08:54:59 IST" duration-ms="2686" status="PASS">
          <params>
            <param index="0">
              <value>
                <![CDATA[Chrome]]>
              </value>
            </param>
          </params>
          <reporter-output>
          </reporter-output>
        </test-method> <!-- BrowserOpen -->
        <test-method signature="test3()[pri:0, instance:com.Test.Test_3@32c4e8b2]" started-at="2022-10-07T08:54:59 IST" name="test3" finished-at="2022-10-07T08:54:59 IST" duration-ms="16" status="PASS">
          <reporter-output>
          </reporter-output>
        </test-method> <!-- test3 -->
        <test-method is-config="true" signature="tearDown()[pri:0, instance:com.Test.Test_3@32c4e8b2]" started-at="2022-10-07T08:54:59 IST" name="tearDown" finished-at="2022-10-07T08:55:00 IST" duration-ms="884" status="PASS">
          <reporter-output>
          </reporter-output>
        </test-method> <!-- tearDown -->
      </class> <!-- com.Test.Test_3 -->
      <class name="com.Test.Test_2">
        <test-method is-config="true" signature="BrowserOpen(java.lang.String)[pri:0, instance:com.Test.Test_2@58326051]" started-at="2022-10-07T08:54:53 IST" name="BrowserOpen" finished-at="2022-10-07T08:54:56 IST" duration-ms="2715" status="PASS">
          <params>
            <param index="0">
              <value>
                <![CDATA[Chrome]]>
              </value>
            </param>
          </params>
          <reporter-output>
          </reporter-output>
        </test-method> <!-- BrowserOpen -->
        <test-method signature="test2()[pri:0, instance:com.Test.Test_2@58326051]" started-at="2022-10-07T08:54:56 IST" name="test2" finished-at="2022-10-07T08:54:56 IST" duration-ms="2" status="PASS">
          <reporter-output>
          </reporter-output>
        </test-method> <!-- test2 -->
        <test-method is-config="true" signature="tearDown()[pri:0, instance:com.Test.Test_2@58326051]" started-at="2022-10-07T08:54:56 IST" name="tearDown" finished-at="2022-10-07T08:54:57 IST" duration-ms="859" status="PASS">
          <reporter-output>
          </reporter-output>
        </test-method> <!-- tearDown -->
      </class> <!-- com.Test.Test_2 -->
      <class name="com.Test.Test_1">
        <test-method is-config="true" signature="BS_initialization()[pri:0, instance:com.Test.Test_1@1e097d59]" started-at="2022-10-07T08:54:46 IST" name="BS_initialization" finished-at="2022-10-07T08:54:47 IST" duration-ms="823" status="PASS">
          <reporter-output>
          </reporter-output>
        </test-method> <!-- BS_initialization -->
        <test-method is-config="true" signature="BrowserOpen(java.lang.String)[pri:0, instance:com.Test.Test_1@1e097d59]" started-at="2022-10-07T08:54:47 IST" name="BrowserOpen" finished-at="2022-10-07T08:54:50 IST" duration-ms="3916" status="PASS">
          <params>
            <param index="0">
              <value>
                <![CDATA[Chrome]]>
              </value>
            </param>
          </params>
          <reporter-output>
          </reporter-output>
        </test-method> <!-- BrowserOpen -->
        <test-method signature="verify_test1()[pri:0, instance:com.Test.Test_1@1e097d59]" started-at="2022-10-07T08:54:50 IST" name="verify_test1" finished-at="2022-10-07T08:54:52 IST" duration-ms="1613" status="FAIL">
          <exception class="java.lang.AssertionError">
            <message>
              <![CDATA[expected [FaceBook] but found [Log in to Facebook]]]>
            </message>
            <full-stacktrace>
              <![CDATA[java.lang.AssertionError: expected [FaceBook] but found [Log in to Facebook]
at org.testng.Assert.fail(Assert.java:99)
at org.testng.Assert.failNotEquals(Assert.java:1037)
at org.testng.Assert.assertEqualsImpl(Assert.java:140)
at org.testng.Assert.assertEquals(Assert.java:122)
at org.testng.Assert.assertEquals(Assert.java:629)
at org.testng.Assert.assertEquals(Assert.java:639)
at com.Test.Test_1.verify_test1(Test_1.java:34)
at java.base/jdk.internal.reflect.NativeMethodAccessorImpl.invoke0(Native Method)
at java.base/jdk.internal.reflect.NativeMethodAccessorImpl.invoke(NativeMethodAccessorImpl.java:62)
at java.base/jdk.internal.reflect.DelegatingMethodAccessorImpl.invoke(DelegatingMethodAccessorImpl.java:43)
at java.base/java.lang.reflect.Method.invoke(Method.java:566)
at org.testng.internal.MethodInvocationHelper.invokeMethod(MethodInvocationHelper.java:133)
at org.testng.internal.TestInvoker.invokeMethod(TestInvoker.java:598)
at org.testng.internal.TestInvoker.invokeTestMethod(TestInvoker.java:173)
at org.testng.internal.MethodRunner.runInSequence(MethodRunner.java:46)
at org.testng.internal.TestInvoker$MethodInvocationAgent.invoke(TestInvoker.java:824)
at org.testng.internal.TestInvoker.invokeTestMethods(TestInvoker.java:146)
at org.testng.internal.TestMethodWorker.invokeTestMethods(TestMethodWorker.java:146)
at org.testng.internal.TestMethodWorker.run(TestMethodWorker.java:128)
at java.base/java.util.ArrayList.forEach(ArrayList.java:1540)
at org.testng.TestRunner.privateRun(TestRunner.java:794)
at org.testng.TestRunner.run(TestRunner.java:596)
at org.testng.SuiteRunner.runTest(SuiteRunner.java:377)
at org.testng.SuiteRunner.runSequentially(SuiteRunner.java:371)
at org.testng.SuiteRunner.privateRun(SuiteRunner.java:332)
at org.testng.SuiteRunner.run(SuiteRunner.java:276)
at org.testng.SuiteRunnerWorker.runSuite(SuiteRunnerWorker.java:53)
at org.testng.SuiteRunnerWorker.run(SuiteRunnerWorker.java:96)
at org.testng.TestNG.runSuitesSequentially(TestNG.java:1212)
at org.testng.TestNG.runSuitesLocally(TestNG.java:1134)
at org.testng.TestNG.runSuites(TestNG.java:1063)
at org.testng.TestNG.run(TestNG.java:1031)
at org.testng.remote.AbstractRemoteTestNG.run(AbstractRemoteTestNG.java:115)
at org.testng.remote.RemoteTestNG.initAndRun(RemoteTestNG.java:251)
at org.testng.remote.RemoteTestNG.main(RemoteTestNG.java:77)
]]>
            </full-stacktrace>
          </exception> <!-- java.lang.AssertionError -->
          <reporter-output>
          </reporter-output>
        </test-method> <!-- verify_test1 -->
        <test-method is-config="true" signature="tearDown()[pri:0, instance:com.Test.Test_1@1e097d59]" started-at="2022-10-07T08:54:52 IST" name="tearDown" finished-at="2022-10-07T08:54:53 IST" duration-ms="880" status="PASS">
          <reporter-output>
          </reporter-output>
        </test-method> <!-- tearDown -->
      </class> <!-- com.Test.Test_1 -->
    </test> <!-- Test_chrome -->
  </suite> <!-- Suite -->
</testng-results>
